Base path: /Applications/Unity/Unity.app/Contents
Cmd: getPlatforms
Cmd: preprocess
  insize=804 outsize=238 ok=1
Cmd: preprocess
  insize=1297 outsize=577 ok=1
Cmd: preprocess
  insize=6529 outsize=2171 ok=1
Cmd: preprocess
  insize=1658 outsize=648 ok=1
Cmd: preprocess
  insize=2486 outsize=824 ok=1
Cmd: preprocess
  insize=4112 outsize=1476 ok=1
Cmd: preprocess
  insize=415 outsize=186 ok=1
Cmd: preprocess
  insize=1507 outsize=598 ok=1
Cmd: preprocess
  insize=690 outsize=270 ok=1
Cmd: preprocess
  insize=319 outsize=319 ok=1
Cmd: preprocess
  insize=855 outsize=237 ok=1
Cmd: preprocess
  insize=4104 outsize=1171 ok=1
Cmd: compileSnippet
  api=15 type=0 insize=6852 outsize=3295 kw=DIRECTIONAL pd=UNITY_ENABLE_REFLECTION_BUFFERS UNITY_PBS_USE_BRDF1 UNITY_SPECCUBE_BOX_PROJECTION UNITY_SPECCUBE_BLENDING SHADER_API_DESKTOP ok=1
Cmd: compileSnippet
  api=15 type=1 insize=6852 outsize=0 kw=DIRECTIONAL pd=UNITY_ENABLE_REFLECTION_BUFFERS UNITY_PBS_USE_BRDF1 UNITY_SPECCUBE_BOX_PROJECTION UNITY_SPECCUBE_BLENDING SHADER_API_DESKTOP ok=1
Cmd: compileSnippet
  api=15 type=0 insize=3567 outsize=2349 kw=DIRECTIONAL pd=UNITY_ENABLE_REFLECTION_BUFFERS UNITY_PBS_USE_BRDF1 UNITY_SPECCUBE_BOX_PROJECTION UNITY_SPECCUBE_BLENDING SHADER_API_DESKTOP ok=1
Cmd: compileSnippet
  api=15 type=1 insize=3567 outsize=0 kw=DIRECTIONAL pd=UNITY_ENABLE_REFLECTION_BUFFERS UNITY_PBS_USE_BRDF1 UNITY_SPECCUBE_BOX_PROJECTION UNITY_SPECCUBE_BLENDING SHADER_API_DESKTOP ok=1
